<?xml version="1.0" encoding="UTF-8"?>
<testsuite name="rationals.MyTestRationals" tests="20" skipped="0" failures="0" errors="0" timestamp="2023-08-25T18:04:35" hostname="OS-7MF97D3" time="0.023">
  <properties/>
  <testcase name="shouldDetectOutRangeDifferentDenominator" classname="rationals.MyTestRationals" time="0.006"/>
  <testcase name="shouldFindGCD1" classname="rationals.MyTestRationals" time="0.0"/>
  <testcase name="shouldFindGCD4" classname="rationals.MyTestRationals" time="0.0"/>
  <testcase name="shouldMultiplyTwoRationals" classname="rationals.MyTestRationals" time="0.0"/>
  <testcase name="shouldSumTwoRationalsWithDifferentDenominators" classname="rationals.MyTestRationals" time="0.003"/>
  <testcase name="shouldHalfBeBetweenOneThirdAndTwoThirds" classname="rationals.MyTestRationals" time="0.006"/>
  <testcase name="shouldSubtractTwoBigRationals" classname="rationals.MyTestRationals" time="0.001"/>
  <testcase name="shouldSimplifyToOneNumeratorEqualsDenominator" classname="rationals.MyTestRationals" time="0.0"/>
  <testcase name="shouldSumTwoRationalsWithSameDenominator" classname="rationals.MyTestRationals" time="0.0"/>
  <testcase name="shouldReturnSimplified" classname="rationals.MyTestRationals" time="0.001"/>
  <testcase name="shouldDetectInRangeDifferentDenominator" classname="rationals.MyTestRationals" time="0.0"/>
  <testcase name="shouldMultiplyTwoBigRationals" classname="rationals.MyTestRationals" time="0.0"/>
  <testcase name="shouldDivideTwoRationals" classname="rationals.MyTestRationals" time="0.001"/>
  <testcase name="shouldSubtractTwoRationalsWithSameDenominatorFirstIsBigger" classname="rationals.MyTestRationals" time="0.0"/>
  <testcase name="shouldSumTwoHugeRationals" classname="rationals.MyTestRationals" time="0.0"/>
  <testcase name="shouldSimplifyLongs" classname="rationals.MyTestRationals" time="0.0"/>
  <testcase name="shouldDetectOutRangeSameDenominator" classname="rationals.MyTestRationals" time="0.0"/>
  <testcase name="shouldDetectInRangeSameDenominator" classname="rationals.MyTestRationals" time="0.0"/>
  <testcase name="shouldReturnTheSameWhenAlreadySimplified" classname="rationals.MyTestRationals" time="0.001"/>
  <testcase name="shouldSubtractTwoRationalsWithSameDenominatorSecondIsBigger" classname="rationals.MyTestRationals" time="0.001"/>
  <system-out><![CDATA[1/4, 4/3, 19/12
1/2
1/3
2/3
1/3..2/3
1..2
-1/2
-1/2
]]></system-out>
  <system-err><![CDATA[]]></system-err>
</testsuite>
